{"level":"info","message":"No listeners. Skipping message: 126 bpm"}
{"level":"info","message":"Client connected: [Socket 8jRNKPLkb-dr55vLAAAB]"}
{"level":"info","message":"Broadcasting to 1 sockets: 113 bpm"}
{"level":"info","message":"Broadcasting to 1 sockets: 122 bpm"}
{"level":"info","message":"Broadcasting to 1 sockets: 125 bpm"}
{"level":"info","message":"Broadcasting to 1 sockets: 120 bpm"}
{"level":"info","message":"Broadcasting to 1 sockets: 112 bpm"}
{"level":"info","message":"Client connected: [Socket _H8bK3jstUwTZaUoAAAB]"}
{"level":"info","message":"Broadcasting to 1 sockets: 124 bpm"}
{"level":"info","message":"Broadcasting to 1 sockets: 115 bpm"}
{"level":"info","message":"Broadcasting to 1 sockets: 113 bpm"}
{"level":"info","message":"Broadcasting to 1 sockets: 128 bpm"}
{"level":"info","message":"No listeners. Skipping message: 117 bpm"}
info: No listeners. Skipping message: 118 bpm
info: Client connected: [Socket iMl1YTGIaWuZ6bnEAAAB]
info: Broadcasting to 1 sockets: 118 bpm
info: Client connected: [Socket fFOAeA-kxRq-yOD4AAAB]
info: Server listening on port 3000
info: No listeners. Skipping message: 124 bpm
info: Client connected: [Socket sQMmqDRNrd8xm56DAAAB]
info: Broadcasting to 1 sockets: 115 bpm
info: Broadcasting to 1 sockets: 121 bpm
info: Broadcasting to 1 sockets: 113 bpm
info: Broadcasting to 1 sockets: 114 bpm
info: Broadcasting to 1 sockets: 117 bpm
info: Broadcasting to 1 sockets: 113 bpm
info: Broadcasting to 1 sockets: 127 bpm
info: Broadcasting to 1 sockets: 123 bpm
info: Broadcasting to 1 sockets: 125 bpm
info: Broadcasting to 1 sockets: 114 bpm
info: Broadcasting to 1 sockets: 122 bpm
info: Broadcasting to 1 sockets: 121 bpm
info: Broadcasting to 1 sockets: 114 bpm
info: Broadcasting to 1 sockets: 120 bpm
info: Broadcasting to 1 sockets: 114 bpm
info: Broadcasting to 1 sockets: 119 bpm
info: Broadcasting to 1 sockets: 125 bpm
info: Broadcasting to 1 sockets: 126 bpm
info: Broadcasting to 1 sockets: 117 bpm
info: Broadcasting to 1 sockets: 124 bpm
info: Broadcasting to 1 sockets: 124 bpm
info: Broadcasting to 1 sockets: 122 bpm
info: Broadcasting to 1 sockets: 125 bpm
info: Broadcasting to 1 sockets: 117 bpm
info: Broadcasting to 1 sockets: 119 bpm
info: Broadcasting to 1 sockets: 117 bpm
info: Broadcasting to 1 sockets: 121 bpm
info: Broadcasting to 1 sockets: 122 bpm
info: Broadcasting to 1 sockets: 116 bpm
info: Broadcasting to 1 sockets: 125 bpm
info: Broadcasting to 1 sockets: 119 bpm
info: Broadcasting to 1 sockets: 119 bpm
info: Broadcasting to 1 sockets: 117 bpm
info: Broadcasting to 1 sockets: 118 bpm
info: Broadcasting to 1 sockets: 120 bpm
info: Broadcasting to 1 sockets: 123 bpm
info: Broadcasting to 1 sockets: 113 bpm
info: Broadcasting to 1 sockets: 123 bpm
info: Broadcasting to 1 sockets: 121 bpm
info: Broadcasting to 1 sockets: 119 bpm
info: Broadcasting to 1 sockets: 114 bpm
info: Broadcasting to 1 sockets: 117 bpm
info: Broadcasting to 1 sockets: 118 bpm
info: Broadcasting to 1 sockets: 115 bpm
info: Broadcasting to 1 sockets: 118 bpm
info: Broadcasting to 1 sockets: 121 bpm
info: Broadcasting to 1 sockets: 118 bpm
info: Broadcasting to 1 sockets: 116 bpm
info: Broadcasting to 1 sockets: 127 bpm
info: Broadcasting to 1 sockets: 118 bpm
info: Broadcasting to 1 sockets: 128 bpm
info: Broadcasting to 1 sockets: 124 bpm
info: Broadcasting to 1 sockets: 113 bpm
info: Broadcasting to 1 sockets: 119 bpm
info: Broadcasting to 1 sockets: 117 bpm
info: Broadcasting to 1 sockets: 121 bpm
info: Broadcasting to 1 sockets: 119 bpm
2022-06-23T05:43:02.345Z info: Server listening on port 3000
2022-06-23T05:43:02.777Z info: No listeners. Skipping message: 125 bpm
2022-06-23T05:43:06.758Z info: No listeners. Skipping message: 127 bpm
2022-06-23T05:43:07.132Z info: Client connected: [Socket F8wq4FkPWFPUtWfMAAAB]
2022-06-23T05:43:07.133Z info: Sending last message to new client [F8wq4FkPWFPUtWfMAAAB]: 127 bpm
2022-06-23T05:43:10.758Z info: Broadcasting to 1 sockets: 121 bpm
2022-06-23T05:43:15.770Z info: Broadcasting to 1 sockets: 124 bpm
2022-06-23T05:43:20.772Z info: Broadcasting to 1 sockets: 118 bpm
2022-06-23T05:43:24.758Z info: Broadcasting to 1 sockets: 121 bpm
2022-06-23T05:43:29.769Z info: Broadcasting to 1 sockets: 116 bpm
2022-06-23T05:43:33.754Z info: Broadcasting to 1 sockets: 127 bpm
2022-06-23T05:43:38.770Z info: Broadcasting to 1 sockets: 122 bpm
2022-06-28T03:10:49.798Z info: Server listening on port 3000
2022-06-28T03:10:49.867Z info: [Service Broadcaster 21721] UDP Server listening on 0.0.0.0:17177

2022-06-28T03:10:49.869Z info: [Service Broadcaster 21721] message received from main process { port: 3000 }

2022-06-28T05:09:45.901Z info: [http:main] Server listening on port 3000
2022-06-28T05:09:45.960Z info: [service-broadcaster:23823] UDP Server listening on 0.0.0.0:17177
2022-06-28T05:09:45.961Z info: [service-broadcaster:23823] message received from main process { type: 'service-port', port: 3000 }
2022-06-28T05:09:48.893Z info: [socket.io:main] Client connected: [Socket byrdZHooCrbioZqxAAAB]
2022-06-28T05:09:48.943Z info: [socket.io:main] Broadcasting to 1 sockets: heart:bpm 119 bpm
2022-06-28T05:09:52.867Z info: [http:main] ping from: ::ffff:192.168.15.10
2022-06-28T05:09:52.930Z info: [socket.io:main] Broadcasting to 1 sockets: heart:bpm 128 bpm
2022-06-28T05:09:56.389Z info: [service-broadcaster:23823] "192.168.15.10:34567" asked for wongi-tools.service. replying with {"ip":"192.168.15.10","port":3000}
2022-06-28T05:09:56.395Z info: [http:main] ping from: ::ffff:192.168.15.10
2022-06-28T05:09:57.938Z info: [socket.io:main] Broadcasting to 1 sockets: heart:bpm 122 bpm
2022-06-28T05:10:02.835Z info: [socket.io:main] Broadcasting to 1 sockets: heart:bpm 114 bpm
2022-06-28T05:10:07.934Z info: [socket.io:main] Broadcasting to 1 sockets: heart:bpm 116 bpm
2022-06-28T05:10:12.835Z info: [socket.io:main] Broadcasting to 1 sockets: heart:bpm 121 bpm
2022-06-28T05:10:16.932Z info: [socket.io:main] Broadcasting to 1 sockets: heart:bpm 119 bpm
2022-06-28T05:10:20.931Z info: [socket.io:main] Broadcasting to 1 sockets: heart:bpm 127 bpm
2022-06-28T05:10:25.930Z info: [socket.io:main] Broadcasting to 1 sockets: heart:bpm 116 bpm
2022-06-28T05:10:30.932Z info: [socket.io:main] Broadcasting to 1 sockets: heart:bpm 119 bpm
2022-06-28T05:10:35.937Z info: [socket.io:main] Broadcasting to 1 sockets: heart:bpm 114 bpm
2022-06-28T05:10:39.838Z info: [socket.io:main] Broadcasting to 1 sockets: heart:bpm 126 bpm
2022-06-28T05:10:43.934Z info: [socket.io:main] Broadcasting to 1 sockets: heart:bpm 115 bpm
2022-06-28T05:10:48.932Z info: [socket.io:main] Broadcasting to 1 sockets: heart:bpm 125 bpm
2022-06-28T05:10:53.937Z info: [socket.io:main] Broadcasting to 1 sockets: heart:bpm 117 bpm
2022-06-28T05:10:58.932Z info: [socket.io:main] Broadcasting to 1 sockets: heart:bpm 113 bpm
2022-06-28T05:11:03.939Z info: [socket.io:main] Broadcasting to 1 sockets: heart:bpm 121 bpm
2022-06-28T05:11:07.935Z info: [socket.io:main] Broadcasting to 1 sockets: heart:bpm 127 bpm
2022-06-28T05:11:12.934Z info: [socket.io:main] Broadcasting to 1 sockets: heart:bpm 119 bpm
2022-06-28T05:11:16.933Z info: [socket.io:main] Broadcasting to 1 sockets: heart:bpm 115 bpm
2022-06-28T05:11:20.837Z info: [socket.io:main] Broadcasting to 1 sockets: heart:bpm 118 bpm
2022-06-28T05:11:24.837Z info: [socket.io:main] Broadcasting to 1 sockets: heart:bpm 128 bpm
2022-06-28T05:11:28.933Z info: [socket.io:main] Broadcasting to 1 sockets: heart:bpm 113 bpm
2022-06-28T05:11:32.933Z info: [socket.io:main] Broadcasting to 1 sockets: heart:bpm 118 bpm
2022-06-28T05:11:36.839Z info: [socket.io:main] Broadcasting to 1 sockets: heart:bpm 126 bpm
2022-06-28T05:11:40.932Z info: [socket.io:main] Broadcasting to 1 sockets: heart:bpm 128 bpm
2022-06-28T05:11:44.934Z info: [socket.io:main] Broadcasting to 1 sockets: heart:bpm 114 bpm
2022-06-28T05:11:48.934Z info: [socket.io:main] Broadcasting to 1 sockets: heart:bpm 123 bpm
2022-06-28T05:11:52.936Z info: [socket.io:main] Broadcasting to 1 sockets: heart:bpm 113 bpm
2022-06-28T05:11:56.934Z info: [socket.io:main] Broadcasting to 1 sockets: heart:bpm 114 bpm
2022-06-28T05:12:00.934Z info: [socket.io:main] Broadcasting to 1 sockets: heart:bpm 126 bpm
2022-06-28T05:12:04.934Z info: [socket.io:main] Broadcasting to 1 sockets: heart:bpm 121 bpm
2022-06-28T05:12:09.940Z info: [socket.io:main] Broadcasting to 1 sockets: heart:bpm 114 bpm
2022-06-28T05:12:14.933Z info: [socket.io:main] Broadcasting to 1 sockets: heart:bpm 116 bpm
2022-06-28T05:12:18.935Z info: [socket.io:main] Broadcasting to 1 sockets: heart:bpm 121 bpm
2022-06-28T05:12:22.933Z info: [socket.io:main] Broadcasting to 1 sockets: heart:bpm 121 bpm
2022-06-28T05:12:26.934Z info: [socket.io:main] Broadcasting to 1 sockets: heart:bpm 118 bpm
2022-06-28T05:12:30.839Z info: [socket.io:main] Broadcasting to 1 sockets: heart:bpm 126 bpm
2022-06-28T05:12:35.937Z info: [socket.io:main] Broadcasting to 1 sockets: heart:bpm 122 bpm
2022-06-28T05:12:40.840Z info: [socket.io:main] Broadcasting to 1 sockets: heart:bpm 127 bpm
2022-06-28T05:12:44.920Z info: [socket.io:main] Broadcasting to 1 sockets: heart:bpm 115 bpm
2022-06-28T05:12:48.839Z info: [socket.io:main] Broadcasting to 1 sockets: heart:bpm 126 bpm
2022-06-28T05:12:52.939Z info: [socket.io:main] Broadcasting to 1 sockets: heart:bpm 121 bpm
2022-06-28T05:12:56.940Z info: [socket.io:main] Broadcasting to 1 sockets: heart:bpm 121 bpm
2022-06-28T05:13:01.939Z info: [socket.io:main] Broadcasting to 1 sockets: heart:bpm 123 bpm
2022-06-28T05:13:06.938Z info: [socket.io:main] Broadcasting to 1 sockets: heart:bpm 123 bpm
2022-06-28T05:13:10.939Z info: [socket.io:main] Broadcasting to 1 sockets: heart:bpm 121 bpm
2022-06-28T05:13:15.939Z info: [socket.io:main] Broadcasting to 1 sockets: heart:bpm 116 bpm
2022-06-28T05:13:19.840Z info: [socket.io:main] Broadcasting to 1 sockets: heart:bpm 113 bpm
2022-06-28T05:13:23.841Z info: [socket.io:main] Broadcasting to 1 sockets: heart:bpm 114 bpm
2022-06-28T05:13:27.942Z info: [socket.io:main] Broadcasting to 1 sockets: heart:bpm 114 bpm
2022-06-28T05:13:32.938Z info: [socket.io:main] Broadcasting to 1 sockets: heart:bpm 114 bpm
2022-06-28T05:13:36.940Z info: [socket.io:main] Broadcasting to 1 sockets: heart:bpm 121 bpm
2022-06-28T05:13:41.939Z info: [socket.io:main] Broadcasting to 1 sockets: heart:bpm 116 bpm
2022-06-28T05:13:46.842Z info: [socket.io:main] Broadcasting to 1 sockets: heart:bpm 122 bpm
2022-06-28T05:13:50.940Z info: [socket.io:main] Broadcasting to 1 sockets: heart:bpm 112 bpm
2022-06-28T05:13:55.940Z info: [socket.io:main] Broadcasting to 1 sockets: heart:bpm 113 bpm
2022-06-28T05:14:00.950Z info: [socket.io:main] Broadcasting to 1 sockets: heart:bpm 116 bpm
2022-06-28T05:14:04.940Z info: [socket.io:main] Broadcasting to 1 sockets: heart:bpm 116 bpm
2022-06-28T05:14:09.940Z info: [socket.io:main] Broadcasting to 1 sockets: heart:bpm 124 bpm
2022-06-28T05:14:13.940Z info: [socket.io:main] Broadcasting to 1 sockets: heart:bpm 115 bpm
2022-06-28T05:14:17.943Z info: [socket.io:main] Broadcasting to 1 sockets: heart:bpm 127 bpm
2022-06-28T05:14:21.940Z info: [socket.io:main] Broadcasting to 1 sockets: heart:bpm 118 bpm
2022-06-28T05:14:25.896Z info: [socket.io:main] Broadcasting to 1 sockets: heart:bpm 112 bpm
2022-06-28T05:14:29.940Z info: [socket.io:main] Broadcasting to 1 sockets: heart:bpm 114 bpm
2022-06-28T05:14:33.941Z info: [socket.io:main] Broadcasting to 1 sockets: heart:bpm 125 bpm
2022-06-28T05:14:38.940Z info: [socket.io:main] Broadcasting to 1 sockets: heart:bpm 127 bpm
2022-06-28T05:14:42.946Z info: [socket.io:main] Broadcasting to 1 sockets: heart:bpm 122 bpm
2022-06-28T05:14:46.939Z info: [socket.io:main] Broadcasting to 1 sockets: heart:bpm 122 bpm
2022-06-28T05:14:50.941Z info: [socket.io:main] Broadcasting to 1 sockets: heart:bpm 121 bpm
2022-06-28T05:14:54.940Z info: [socket.io:main] Broadcasting to 1 sockets: heart:bpm 117 bpm
2022-06-28T05:14:58.846Z info: [socket.io:main] Broadcasting to 1 sockets: heart:bpm 119 bpm
2022-06-28T05:15:02.941Z info: [socket.io:main] Broadcasting to 1 sockets: heart:bpm 128 bpm
2022-06-28T05:15:06.940Z info: [socket.io:main] Broadcasting to 1 sockets: heart:bpm 123 bpm
2022-06-28T05:15:10.941Z info: [socket.io:main] Broadcasting to 1 sockets: heart:bpm 126 bpm
2022-06-28T05:15:14.844Z info: [socket.io:main] Broadcasting to 1 sockets: heart:bpm 115 bpm
2022-06-28T05:15:19.888Z info: [socket.io:main] Broadcasting to 1 sockets: heart:bpm 116 bpm
2022-06-28T05:15:23.846Z info: [socket.io:main] Broadcasting to 1 sockets: heart:bpm 125 bpm
2022-06-28T05:15:27.942Z info: [socket.io:main] Broadcasting to 1 sockets: heart:bpm 128 bpm
2022-06-28T05:15:31.943Z info: [socket.io:main] Broadcasting to 1 sockets: heart:bpm 119 bpm
2022-06-28T05:15:36.941Z info: [socket.io:main] Broadcasting to 1 sockets: heart:bpm 115 bpm
2022-06-28T05:15:40.942Z info: [socket.io:main] Broadcasting to 1 sockets: heart:bpm 123 bpm
2022-06-28T05:15:44.899Z info: [socket.io:main] Broadcasting to 1 sockets: heart:bpm 112 bpm
2022-06-28T05:15:49.845Z info: [socket.io:main] Broadcasting to 1 sockets: heart:bpm 122 bpm
2022-06-28T05:15:53.845Z info: [socket.io:main] Broadcasting to 1 sockets: heart:bpm 121 bpm
2022-06-28T05:15:57.846Z info: [socket.io:main] Broadcasting to 1 sockets: heart:bpm 127 bpm
2022-06-28T05:16:02.942Z info: [socket.io:main] Broadcasting to 1 sockets: heart:bpm 112 bpm
2022-06-28T05:16:06.942Z info: [socket.io:main] Broadcasting to 1 sockets: heart:bpm 119 bpm
2022-06-28T05:16:10.845Z info: [socket.io:main] Broadcasting to 1 sockets: heart:bpm 117 bpm
2022-06-28T05:16:15.854Z info: [socket.io:main] Broadcasting to 1 sockets: heart:bpm 114 bpm
2022-06-28T05:16:19.847Z info: [socket.io:main] Broadcasting to 1 sockets: heart:bpm 126 bpm
2022-06-28T05:16:24.941Z info: [socket.io:main] Broadcasting to 1 sockets: heart:bpm 114 bpm
2022-06-28T05:16:29.947Z info: [socket.io:main] Broadcasting to 1 sockets: heart:bpm 122 bpm
2022-06-28T05:16:33.846Z info: [socket.io:main] Broadcasting to 1 sockets: heart:bpm 128 bpm
2022-06-28T05:16:37.847Z info: [socket.io:main] Broadcasting to 1 sockets: heart:bpm 120 bpm
2022-06-28T05:16:41.850Z info: [socket.io:main] Broadcasting to 1 sockets: heart:bpm 124 bpm
2022-06-28T05:16:45.946Z info: [socket.io:main] Broadcasting to 1 sockets: heart:bpm 121 bpm
2022-06-28T05:16:49.946Z info: [socket.io:main] Broadcasting to 1 sockets: heart:bpm 113 bpm
2022-06-28T05:16:53.945Z info: [socket.io:main] Broadcasting to 1 sockets: heart:bpm 116 bpm
2022-06-28T05:16:58.943Z info: [socket.io:main] Broadcasting to 1 sockets: heart:bpm 118 bpm
2022-06-28T05:17:02.881Z info: [socket.io:main] Broadcasting to 1 sockets: heart:bpm 126 bpm
2022-06-28T05:17:07.847Z info: [socket.io:main] Broadcasting to 1 sockets: heart:bpm 112 bpm
2022-06-28T05:17:11.946Z info: [socket.io:main] Broadcasting to 1 sockets: heart:bpm 128 bpm
2022-06-28T05:17:16.849Z info: [socket.io:main] Broadcasting to 1 sockets: heart:bpm 114 bpm
2022-06-28T05:17:20.943Z info: [socket.io:main] Broadcasting to 1 sockets: heart:bpm 124 bpm
2022-06-28T05:17:24.848Z info: [socket.io:main] Broadcasting to 1 sockets: heart:bpm 123 bpm
2022-06-28T05:17:28.944Z info: [socket.io:main] Broadcasting to 1 sockets: heart:bpm 121 bpm
2022-06-28T05:17:32.851Z info: [socket.io:main] Broadcasting to 1 sockets: heart:bpm 116 bpm
2022-06-28T05:17:36.852Z info: [socket.io:main] Broadcasting to 1 sockets: heart:bpm 126 bpm
2022-06-28T05:17:40.853Z info: [socket.io:main] Broadcasting to 1 sockets: heart:bpm 121 bpm
2022-06-28T05:17:44.854Z info: [socket.io:main] Broadcasting to 1 sockets: heart:bpm 116 bpm
2022-06-28T05:17:48.852Z info: [socket.io:main] Broadcasting to 1 sockets: heart:bpm 126 bpm
2022-06-28T05:17:53.942Z info: [socket.io:main] Broadcasting to 1 sockets: heart:bpm 126 bpm
2022-06-28T05:17:58.948Z info: [socket.io:main] Broadcasting to 1 sockets: heart:bpm 128 bpm
2022-06-28T05:18:02.908Z info: [socket.io:main] Broadcasting to 1 sockets: heart:bpm 112 bpm
2022-06-28T05:18:06.858Z info: [socket.io:main] Broadcasting to 1 sockets: heart:bpm 125 bpm
2022-06-28T05:18:11.953Z info: [socket.io:main] Broadcasting to 1 sockets: heart:bpm 119 bpm
2022-06-28T05:18:15.861Z info: [socket.io:main] Broadcasting to 1 sockets: heart:bpm 113 bpm
2022-06-28T05:18:19.861Z info: [socket.io:main] Broadcasting to 1 sockets: heart:bpm 126 bpm
2022-06-28T05:18:23.961Z info: [socket.io:main] Broadcasting to 1 sockets: heart:bpm 117 bpm
2022-06-28T05:18:27.958Z info: [socket.io:main] Broadcasting to 1 sockets: heart:bpm 117 bpm
2022-06-28T05:18:31.864Z info: [socket.io:main] Broadcasting to 1 sockets: heart:bpm 117 bpm
2022-06-28T05:18:35.927Z info: [socket.io:main] Broadcasting to 1 sockets: heart:bpm 115 bpm
2022-06-28T05:18:40.963Z info: [socket.io:main] Broadcasting to 1 sockets: heart:bpm 125 bpm
2022-06-28T05:18:44.867Z info: [socket.io:main] Broadcasting to 1 sockets: heart:bpm 128 bpm
2022-06-28T05:18:48.871Z info: [socket.io:main] Broadcasting to 1 sockets: heart:bpm 114 bpm
2022-06-28T05:18:53.952Z info: [socket.io:main] Broadcasting to 1 sockets: heart:bpm 118 bpm
2022-06-28T05:18:57.923Z info: [socket.io:main] Broadcasting to 1 sockets: heart:bpm 122 bpm
2022-06-28T05:19:01.868Z info: [socket.io:main] Broadcasting to 1 sockets: heart:bpm 125 bpm
2022-06-28T05:19:05.869Z info: [socket.io:main] Broadcasting to 1 sockets: heart:bpm 121 bpm
2022-06-28T05:19:09.965Z info: [socket.io:main] Broadcasting to 1 sockets: heart:bpm 122 bpm
2022-06-28T05:19:13.868Z info: [socket.io:main] Broadcasting to 1 sockets: heart:bpm 114 bpm
2022-06-28T05:19:17.966Z info: [socket.io:main] Broadcasting to 1 sockets: heart:bpm 114 bpm
2022-06-28T05:19:21.970Z info: [socket.io:main] Broadcasting to 1 sockets: heart:bpm 113 bpm
2022-06-28T05:19:26.965Z info: [socket.io:main] Broadcasting to 1 sockets: heart:bpm 119 bpm
2022-06-28T05:19:31.970Z info: [socket.io:main] Broadcasting to 1 sockets: heart:bpm 115 bpm
2022-06-28T05:19:36.965Z info: [socket.io:main] Broadcasting to 1 sockets: heart:bpm 116 bpm
2022-06-28T05:19:40.965Z info: [socket.io:main] Broadcasting to 1 sockets: heart:bpm 122 bpm
2022-06-28T05:19:44.967Z info: [socket.io:main] Broadcasting to 1 sockets: heart:bpm 128 bpm
2022-06-28T05:19:48.966Z info: [socket.io:main] Broadcasting to 1 sockets: heart:bpm 123 bpm
2022-06-28T05:19:52.966Z info: [socket.io:main] Broadcasting to 1 sockets: heart:bpm 119 bpm
2022-06-28T05:19:56.966Z info: [socket.io:main] Broadcasting to 1 sockets: heart:bpm 118 bpm
2022-06-28T05:20:00.966Z info: [socket.io:main] Broadcasting to 1 sockets: heart:bpm 128 bpm
2022-06-28T05:20:04.969Z info: [socket.io:main] Broadcasting to 1 sockets: heart:bpm 115 bpm
2022-06-28T05:20:08.966Z info: [socket.io:main] Broadcasting to 1 sockets: heart:bpm 124 bpm
2022-06-28T05:20:13.973Z info: [socket.io:main] Broadcasting to 1 sockets: heart:bpm 113 bpm
2022-06-28T05:20:18.967Z info: [socket.io:main] Broadcasting to 1 sockets: heart:bpm 125 bpm
2022-06-28T05:20:22.967Z info: [socket.io:main] Broadcasting to 1 sockets: heart:bpm 114 bpm
2022-06-28T05:20:27.976Z info: [socket.io:main] Broadcasting to 1 sockets: heart:bpm 120 bpm
2022-06-28T05:20:31.970Z info: [socket.io:main] Broadcasting to 1 sockets: heart:bpm 115 bpm
2022-06-28T05:20:36.932Z info: [socket.io:main] Broadcasting to 1 sockets: heart:bpm 119 bpm
2022-06-28T05:20:40.967Z info: [socket.io:main] Broadcasting to 1 sockets: heart:bpm 116 bpm
2022-06-28T05:20:44.967Z info: [socket.io:main] Broadcasting to 1 sockets: heart:bpm 117 bpm
2022-06-28T05:20:48.874Z info: [socket.io:main] Broadcasting to 1 sockets: heart:bpm 128 bpm
2022-06-28T05:20:52.968Z info: [socket.io:main] Broadcasting to 1 sockets: heart:bpm 112 bpm
2022-06-28T05:20:56.969Z info: [socket.io:main] Broadcasting to 1 sockets: heart:bpm 113 bpm
2022-06-28T05:21:00.969Z info: [socket.io:main] Broadcasting to 1 sockets: heart:bpm 126 bpm
2022-06-28T05:21:04.912Z info: [socket.io:main] Broadcasting to 1 sockets: heart:bpm 125 bpm
2022-06-28T05:21:09.972Z info: [socket.io:main] Broadcasting to 1 sockets: heart:bpm 123 bpm
2022-06-28T05:21:14.969Z info: [socket.io:main] Broadcasting to 1 sockets: heart:bpm 114 bpm
2022-06-28T05:21:18.966Z info: [socket.io:main] Broadcasting to 1 sockets: heart:bpm 114 bpm
2022-06-28T05:21:22.970Z info: [socket.io:main] Broadcasting to 1 sockets: heart:bpm 115 bpm
2022-06-28T05:21:26.969Z info: [socket.io:main] Broadcasting to 1 sockets: heart:bpm 121 bpm
2022-06-28T05:21:30.966Z info: [socket.io:main] Broadcasting to 1 sockets: heart:bpm 117 bpm
2022-06-28T05:21:34.972Z info: [socket.io:main] Broadcasting to 1 sockets: heart:bpm 112 bpm
2022-06-28T05:21:38.971Z info: [socket.io:main] Broadcasting to 1 sockets: heart:bpm 113 bpm
2022-06-28T05:21:43.971Z info: [socket.io:main] Broadcasting to 1 sockets: heart:bpm 113 bpm
2022-06-28T05:21:47.874Z info: [socket.io:main] Broadcasting to 1 sockets: heart:bpm 121 bpm
2022-06-28T05:21:51.974Z info: [socket.io:main] Broadcasting to 1 sockets: heart:bpm 128 bpm
2022-06-28T05:21:55.972Z info: [socket.io:main] Broadcasting to 1 sockets: heart:bpm 114 bpm
2022-06-28T05:21:59.972Z info: [socket.io:main] Broadcasting to 1 sockets: heart:bpm 126 bpm
2022-06-28T05:22:04.970Z info: [socket.io:main] Broadcasting to 1 sockets: heart:bpm 125 bpm
2022-06-28T05:22:08.970Z info: [socket.io:main] Broadcasting to 1 sockets: heart:bpm 119 bpm
2022-06-28T05:22:12.970Z info: [socket.io:main] Broadcasting to 1 sockets: heart:bpm 118 bpm
2022-06-28T05:22:16.970Z info: [socket.io:main] Broadcasting to 1 sockets: heart:bpm 119 bpm
2022-06-28T05:22:20.975Z info: [socket.io:main] Broadcasting to 1 sockets: heart:bpm 117 bpm
2022-06-28T05:22:24.874Z info: [socket.io:main] Broadcasting to 1 sockets: heart:bpm 125 bpm
2022-06-28T05:22:28.872Z info: [socket.io:main] Broadcasting to 1 sockets: heart:bpm 112 bpm
2022-06-28T05:22:32.878Z info: [socket.io:main] Broadcasting to 1 sockets: heart:bpm 123 bpm
2022-06-28T05:22:37.974Z info: [socket.io:main] Broadcasting to 1 sockets: heart:bpm 117 bpm
2022-06-28T05:22:41.876Z info: [socket.io:main] Broadcasting to 1 sockets: heart:bpm 128 bpm
2022-06-28T05:22:45.974Z info: [socket.io:main] Broadcasting to 1 sockets: heart:bpm 116 bpm
2022-06-28T05:22:49.973Z info: [socket.io:main] Broadcasting to 1 sockets: heart:bpm 122 bpm
2022-06-28T05:22:54.972Z info: [socket.io:main] Broadcasting to 1 sockets: heart:bpm 112 bpm
2022-06-28T05:22:59.973Z info: [socket.io:main] Broadcasting to 1 sockets: heart:bpm 114 bpm
2022-06-28T05:23:03.975Z info: [socket.io:main] Broadcasting to 1 sockets: heart:bpm 127 bpm
2022-06-28T05:23:07.974Z info: [socket.io:main] Broadcasting to 1 sockets: heart:bpm 117 bpm
2022-06-28T05:23:11.974Z info: [socket.io:main] Broadcasting to 1 sockets: heart:bpm 124 bpm
2022-06-28T05:23:15.888Z info: [socket.io:main] Broadcasting to 1 sockets: heart:bpm 125 bpm
2022-06-28T05:23:19.876Z info: [socket.io:main] Broadcasting to 1 sockets: heart:bpm 113 bpm
2022-06-28T05:23:23.976Z info: [socket.io:main] Broadcasting to 1 sockets: heart:bpm 117 bpm
2022-06-28T05:23:27.974Z info: [socket.io:main] Broadcasting to 1 sockets: heart:bpm 117 bpm
2022-06-28T05:23:32.973Z info: [socket.io:main] Broadcasting to 1 sockets: heart:bpm 114 bpm
2022-06-28T05:23:37.877Z info: [socket.io:main] Broadcasting to 1 sockets: heart:bpm 126 bpm
2022-06-28T05:23:41.975Z info: [socket.io:main] Broadcasting to 1 sockets: heart:bpm 112 bpm
2022-06-28T05:23:45.977Z info: [socket.io:main] Broadcasting to 1 sockets: heart:bpm 125 bpm
2022-06-28T05:23:49.878Z info: [socket.io:main] Broadcasting to 1 sockets: heart:bpm 120 bpm
2022-06-28T05:23:53.974Z info: [socket.io:main] Broadcasting to 1 sockets: heart:bpm 120 bpm
2022-06-28T05:23:58.974Z info: [socket.io:main] Broadcasting to 1 sockets: heart:bpm 113 bpm
2022-06-28T05:24:02.975Z info: [socket.io:main] Broadcasting to 1 sockets: heart:bpm 122 bpm
2022-06-28T05:24:06.958Z info: [socket.io:main] Broadcasting to 1 sockets: heart:bpm 120 bpm
2022-06-28T05:24:11.878Z info: [socket.io:main] Broadcasting to 1 sockets: heart:bpm 121 bpm
2022-06-28T05:24:15.881Z info: [socket.io:main] Broadcasting to 1 sockets: heart:bpm 114 bpm
2022-06-28T05:24:19.979Z info: [socket.io:main] Broadcasting to 1 sockets: heart:bpm 126 bpm
2022-06-28T05:24:24.879Z info: [socket.io:main] Broadcasting to 1 sockets: heart:bpm 118 bpm
2022-06-28T05:24:28.880Z info: [socket.io:main] Broadcasting to 1 sockets: heart:bpm 114 bpm
2022-06-28T05:24:32.974Z info: [socket.io:main] Broadcasting to 1 sockets: heart:bpm 119 bpm
2022-06-28T05:24:37.878Z info: [socket.io:main] Broadcasting to 1 sockets: heart:bpm 117 bpm
2022-06-28T05:24:41.879Z info: [socket.io:main] Broadcasting to 1 sockets: heart:bpm 127 bpm
2022-06-28T05:24:45.980Z info: [socket.io:main] Broadcasting to 1 sockets: heart:bpm 125 bpm
2022-06-28T05:24:49.879Z info: [socket.io:main] Broadcasting to 1 sockets: heart:bpm 118 bpm
2022-06-28T05:24:53.977Z info: [socket.io:main] Broadcasting to 1 sockets: heart:bpm 124 bpm
2022-06-28T05:24:57.979Z info: [socket.io:main] Broadcasting to 1 sockets: heart:bpm 120 bpm
2022-06-28T05:25:02.880Z info: [socket.io:main] Broadcasting to 1 sockets: heart:bpm 118 bpm
2022-06-28T05:25:05.881Z info: [socket.io:main] Broadcasting to 1 sockets: heart:bpm 122 bpm
2022-06-28T05:25:09.976Z info: [socket.io:main] Broadcasting to 1 sockets: heart:bpm 124 bpm
2022-06-28T05:25:14.975Z info: [socket.io:main] Broadcasting to 1 sockets: heart:bpm 114 bpm
2022-06-28T05:25:18.975Z info: [socket.io:main] Broadcasting to 1 sockets: heart:bpm 116 bpm
2022-06-28T05:25:23.982Z info: [socket.io:main] Broadcasting to 1 sockets: heart:bpm 117 bpm
2022-06-28T05:25:27.981Z info: [socket.io:main] Broadcasting to 1 sockets: heart:bpm 125 bpm
2022-06-28T05:25:31.981Z info: [socket.io:main] Broadcasting to 1 sockets: heart:bpm 116 bpm
2022-06-28T05:25:36.977Z info: [socket.io:main] Broadcasting to 1 sockets: heart:bpm 115 bpm
2022-06-28T05:25:40.977Z info: [socket.io:main] Broadcasting to 1 sockets: heart:bpm 121 bpm
2022-06-28T05:25:44.976Z info: [socket.io:main] Broadcasting to 1 sockets: heart:bpm 123 bpm
2022-06-28T05:25:48.965Z info: [socket.io:main] Broadcasting to 1 sockets: heart:bpm 114 bpm
2022-06-28T05:25:53.928Z info: [socket.io:main] Broadcasting to 1 sockets: heart:bpm 127 bpm
2022-06-28T05:25:57.982Z info: [socket.io:main] Broadcasting to 1 sockets: heart:bpm 112 bpm
2022-06-28T05:26:01.940Z info: [socket.io:main] Broadcasting to 1 sockets: heart:bpm 121 bpm
2022-06-28T05:26:05.980Z info: [socket.io:main] Broadcasting to 1 sockets: heart:bpm 117 bpm
2022-06-28T05:26:09.980Z info: [socket.io:main] Broadcasting to 1 sockets: heart:bpm 126 bpm
2022-06-28T05:26:13.887Z info: [socket.io:main] Broadcasting to 1 sockets: heart:bpm 121 bpm
2022-06-28T05:26:17.882Z info: [socket.io:main] Broadcasting to 1 sockets: heart:bpm 112 bpm
2022-06-28T05:26:21.980Z info: [socket.io:main] Broadcasting to 1 sockets: heart:bpm 114 bpm
2022-06-28T05:26:25.980Z info: [socket.io:main] Broadcasting to 1 sockets: heart:bpm 113 bpm
2022-06-28T05:26:29.980Z info: [socket.io:main] Broadcasting to 1 sockets: heart:bpm 125 bpm
2022-06-28T05:26:34.979Z info: [socket.io:main] Broadcasting to 1 sockets: heart:bpm 116 bpm
2022-06-28T05:26:38.975Z info: [socket.io:main] Broadcasting to 1 sockets: heart:bpm 112 bpm
2022-06-28T05:26:43.985Z info: [socket.io:main] Broadcasting to 1 sockets: heart:bpm 117 bpm
2022-06-28T05:26:47.978Z info: [socket.io:main] Broadcasting to 1 sockets: heart:bpm 123 bpm
2022-06-28T05:26:51.983Z info: [socket.io:main] Broadcasting to 1 sockets: heart:bpm 114 bpm
2022-06-28T05:26:55.981Z info: [socket.io:main] Broadcasting to 1 sockets: heart:bpm 112 bpm
2022-06-28T05:26:59.982Z info: [socket.io:main] Broadcasting to 1 sockets: heart:bpm 119 bpm
2022-06-28T05:27:04.982Z info: [socket.io:main] Broadcasting to 1 sockets: heart:bpm 113 bpm
2022-06-28T05:27:08.983Z info: [socket.io:main] Broadcasting to 1 sockets: heart:bpm 122 bpm
2022-06-28T05:27:12.984Z info: [socket.io:main] Broadcasting to 1 sockets: heart:bpm 127 bpm
2022-06-28T05:27:16.925Z info: [socket.io:main] Broadcasting to 1 sockets: heart:bpm 120 bpm
2022-06-28T05:27:21.983Z info: [socket.io:main] Broadcasting to 1 sockets: heart:bpm 124 bpm
2022-06-28T05:27:25.987Z info: [socket.io:main] Broadcasting to 1 sockets: heart:bpm 117 bpm
2022-06-28T05:27:29.983Z info: [socket.io:main] Broadcasting to 1 sockets: heart:bpm 121 bpm
2022-06-28T05:27:33.983Z info: [socket.io:main] Broadcasting to 1 sockets: heart:bpm 128 bpm
2022-06-28T05:27:38.982Z info: [socket.io:main] Broadcasting to 1 sockets: heart:bpm 128 bpm
2022-06-28T05:27:42.984Z info: [socket.io:main] Broadcasting to 1 sockets: heart:bpm 124 bpm
2022-06-28T05:27:46.982Z info: [socket.io:main] Broadcasting to 1 sockets: heart:bpm 124 bpm
2022-06-28T05:27:50.985Z info: [socket.io:main] Broadcasting to 1 sockets: heart:bpm 112 bpm
2022-06-28T05:27:55.983Z info: [socket.io:main] Broadcasting to 1 sockets: heart:bpm 112 bpm
2022-06-28T05:27:59.886Z info: [socket.io:main] Broadcasting to 1 sockets: heart:bpm 123 bpm
2022-06-28T05:28:03.885Z info: [socket.io:main] Broadcasting to 1 sockets: heart:bpm 121 bpm
2022-06-28T05:28:07.984Z info: [socket.io:main] Broadcasting to 1 sockets: heart:bpm 122 bpm
2022-06-28T05:28:11.985Z info: [socket.io:main] Broadcasting to 1 sockets: heart:bpm 115 bpm
2022-06-28T05:28:16.984Z info: [socket.io:main] Broadcasting to 1 sockets: heart:bpm 128 bpm
2022-06-28T05:28:20.985Z info: [socket.io:main] Broadcasting to 1 sockets: heart:bpm 121 bpm
2022-06-28T05:28:24.921Z info: [socket.io:main] Broadcasting to 1 sockets: heart:bpm 126 bpm
2022-06-28T05:28:28.984Z info: [socket.io:main] Broadcasting to 1 sockets: heart:bpm 116 bpm
2022-06-28T05:28:32.983Z info: [socket.io:main] Broadcasting to 1 sockets: heart:bpm 124 bpm
2022-06-28T05:28:36.983Z info: [socket.io:main] Broadcasting to 1 sockets: heart:bpm 121 bpm
2022-06-28T05:28:41.983Z info: [socket.io:main] Broadcasting to 1 sockets: heart:bpm 122 bpm
2022-06-28T05:28:45.984Z info: [socket.io:main] Broadcasting to 1 sockets: heart:bpm 119 bpm
2022-06-28T05:28:50.887Z info: [socket.io:main] Broadcasting to 1 sockets: heart:bpm 118 bpm
2022-06-28T05:28:54.886Z info: [socket.io:main] Broadcasting to 1 sockets: heart:bpm 124 bpm
2022-06-28T05:28:58.887Z info: [socket.io:main] Broadcasting to 1 sockets: heart:bpm 113 bpm
2022-06-28T05:29:02.984Z info: [socket.io:main] Broadcasting to 1 sockets: heart:bpm 124 bpm
2022-06-28T05:29:06.984Z info: [socket.io:main] Broadcasting to 1 sockets: heart:bpm 126 bpm
2022-06-28T05:29:10.886Z info: [socket.io:main] Broadcasting to 1 sockets: heart:bpm 126 bpm
2022-06-28T05:29:14.984Z info: [socket.io:main] Broadcasting to 1 sockets: heart:bpm 123 bpm
2022-06-28T05:29:18.983Z info: [socket.io:main] Broadcasting to 1 sockets: heart:bpm 123 bpm
2022-06-28T05:29:23.985Z info: [socket.io:main] Broadcasting to 1 sockets: heart:bpm 123 bpm
2022-06-28T05:29:28.889Z info: [socket.io:main] Broadcasting to 1 sockets: heart:bpm 127 bpm
2022-06-28T05:29:32.983Z info: [socket.io:main] Broadcasting to 1 sockets: heart:bpm 127 bpm
2022-06-28T05:29:36.888Z info: [socket.io:main] Broadcasting to 1 sockets: heart:bpm 117 bpm
2022-06-28T05:29:40.890Z info: [socket.io:main] Broadcasting to 1 sockets: heart:bpm 126 bpm
2022-06-28T05:29:44.983Z info: [socket.io:main] Broadcasting to 1 sockets: heart:bpm 126 bpm
2022-06-28T05:29:48.985Z info: [socket.io:main] Broadcasting to 1 sockets: heart:bpm 115 bpm
2022-06-28T05:29:53.986Z info: [socket.io:main] Broadcasting to 1 sockets: heart:bpm 114 bpm
2022-06-28T05:29:57.987Z info: [socket.io:main] Broadcasting to 1 sockets: heart:bpm 125 bpm
2022-06-28T05:30:02.983Z info: [socket.io:main] Broadcasting to 1 sockets: heart:bpm 125 bpm
2022-06-28T05:30:06.891Z info: [socket.io:main] Broadcasting to 1 sockets: heart:bpm 117 bpm
2022-06-28T05:30:10.891Z info: [socket.io:main] Broadcasting to 1 sockets: heart:bpm 126 bpm
2022-06-28T05:30:14.985Z info: [socket.io:main] Broadcasting to 1 sockets: heart:bpm 119 bpm
2022-06-28T05:30:18.986Z info: [socket.io:main] Broadcasting to 1 sockets: heart:bpm 117 bpm
2022-06-28T05:30:22.984Z info: [socket.io:main] Broadcasting to 1 sockets: heart:bpm 122 bpm
2022-06-28T05:30:26.986Z info: [socket.io:main] Broadcasting to 1 sockets: heart:bpm 112 bpm
2022-06-28T05:30:30.985Z info: [socket.io:main] Broadcasting to 1 sockets: heart:bpm 121 bpm
2022-06-28T05:30:34.987Z info: [socket.io:main] Broadcasting to 1 sockets: heart:bpm 118 bpm
2022-06-28T05:30:38.995Z info: [socket.io:main] Broadcasting to 1 sockets: heart:bpm 116 bpm
2022-06-28T05:30:42.984Z info: [socket.io:main] Broadcasting to 1 sockets: heart:bpm 124 bpm
2022-06-28T05:30:46.989Z info: [socket.io:main] Broadcasting to 1 sockets: heart:bpm 112 bpm
2022-06-28T05:30:50.988Z info: [socket.io:main] Broadcasting to 1 sockets: heart:bpm 123 bpm
2022-06-28T05:30:54.985Z info: [socket.io:main] Broadcasting to 1 sockets: heart:bpm 114 bpm
2022-06-28T05:30:59.986Z info: [socket.io:main] Broadcasting to 1 sockets: heart:bpm 123 bpm
2022-06-28T05:31:04.986Z info: [socket.io:main] Broadcasting to 1 sockets: heart:bpm 116 bpm
2022-06-28T05:31:08.986Z info: [socket.io:main] Broadcasting to 1 sockets: heart:bpm 120 bpm
2022-06-28T05:31:13.992Z info: [socket.io:main] Broadcasting to 1 sockets: heart:bpm 127 bpm
2022-06-28T05:31:17.989Z info: [socket.io:main] Broadcasting to 1 sockets: heart:bpm 126 bpm
2022-06-28T05:31:22.939Z info: [socket.io:main] Broadcasting to 1 sockets: heart:bpm 119 bpm
2022-06-28T05:31:26.988Z info: [socket.io:main] Broadcasting to 1 sockets: heart:bpm 115 bpm
2022-06-28T05:31:31.891Z info: [socket.io:main] Broadcasting to 1 sockets: heart:bpm 115 bpm
2022-06-28T05:31:35.894Z info: [socket.io:main] Broadcasting to 1 sockets: heart:bpm 125 bpm
2022-06-28T05:31:39.892Z info: [socket.io:main] Broadcasting to 1 sockets: heart:bpm 120 bpm
2022-06-28T05:31:43.948Z info: [socket.io:main] Broadcasting to 1 sockets: heart:bpm 121 bpm
2022-06-28T05:31:47.989Z info: [socket.io:main] Broadcasting to 1 sockets: heart:bpm 113 bpm
